<?xml version="1.0" encoding="UTF-8"?>
<!-- Generated by org.testng.reporters.JUnitXMLReporter -->
<testsuite ignored="0" hostname="LAPTOP-477EEVIP" failures="0" tests="3" name="Default test" time="22.805" errors="0" timestamp="2026-03-20T22:24:15 IST">
  <testcase classname="web.DatadrivenTest" name="doLogin" time="6.397"/>
  <testcase classname="web.DatadrivenTest" name="doLogin" time="4.752"/>
  <testcase classname="web.DatadrivenTest" name="doLogin" time="6.667"/>
</testsuite> <!-- Default test -->
