<?xml version="1.0" encoding="UTF-8"?>
<!-- Generated by org.testng.reporters.JUnitXMLReporter -->
<testsuite ignored="0" hostname="LAPTOP-477EEVIP" failures="1" tests="5" name="Test" time="7.457" errors="0" timestamp="2026-03-20T16:52:23 IST">
  <testcase classname="saucelabtest.Logintest" name="loginTest" time="0.606">
    <skipped/>
  </testcase> <!-- loginTest -->
  <testcase classname="saucelabtest.Logintest" name="loginTest" time="0.175">
    <skipped/>
  </testcase> <!-- loginTest -->
  <testcase classname="saucelabtest.Logintest" name="loginTest" time="0.219">
    <skipped/>
  </testcase> <!-- loginTest -->
  <testcase classname="saucelabtest.Logintest" name="loginTest" time="0.183">
    <failure type="java.lang.AssertionError" message="expected [https://www.saucedemo.com/inventory.html] but found [https://www.saucedemo.com/]">
      <![CDATA[java.lang.AssertionError: expected [https://www.saucedemo.com/inventory.html] but found [https://www.saucedemo.com/]
at saucelabtest.Logintest.loginTest(Logintest.java:43)
at java.base/java.util.concurrent.Executors$RunnableAdapter.call(Executors.java:572)
at java.base/java.util.concurrent.FutureTask.run(FutureTask.java:317)
at java.base/java.util.concurrent.ThreadPoolExecutor.runWorker(ThreadPoolExecutor.java:1144)
at java.base/java.util.concurrent.ThreadPoolExecutor$Worker.run(ThreadPoolExecutor.java:642)
at java.base/java.lang.Thread.run(Thread.java:1575)
... Removed 17 stack frames]]>
    </failure>
  </testcase> <!-- loginTest -->
  <testcase classname="saucelabtest.Seleniumgrid" name="launch" time="5.159"/>
</testsuite> <!-- Test -->
