<?xml version="1.0" encoding="UTF-8"?>
<testng-results ignored="0" total="1" passed="1" failed="0" skipped="0">
  <reporter-output>
  </reporter-output>
  <suite started-at="2026-04-29T22:06:21 IST" name="Default suite" finished-at="2026-04-29T22:06:27 IST" duration-ms="5308">
    <groups>
    </groups>
    <test started-at="2026-04-29T22:06:21 IST" name="Default test" finished-at="2026-04-29T22:06:27 IST" duration-ms="5308">
      <class name="web.DropdownHandle">
        <test-method signature="verifyDropdown()[pri:0, instance:web.DropdownHandle@5c671d7f]" started-at="2026-04-29T22:06:22 IST" name="verifyDropdown" finished-at="2026-04-29T22:06:27 IST" duration-ms="5245" status="PASS">
          <reporter-output>
          </reporter-output>
        </test-method> <!-- verifyDropdown -->
      </class> <!-- web.DropdownHandle -->
    </test> <!-- Default test -->
  </suite> <!-- Default suite -->
</testng-results>
