<?xml version="1.0" encoding="UTF-8"?>
<!-- Generated by org.testng.reporters.JUnitReportReporter -->
<testsuite hostname="LAPTOP-477EEVIP" failures="0" tests="3" name="web.WindowHandlers" time="39.415" errors="0" timestamp="2025-03-03T11:15:38 IST" skipped="0">
  <testcase classname="web.WindowHandlers" name="selectCountry" time="3.917"/>
  <testcase classname="web.WindowHandlers" name="windowHandle" time="29.771"/>
  <testcase classname="web.WindowHandlers" name="mouseInterction" time="5.727"/>
</testsuite> <!-- web.WindowHandlers -->
