<?xml version="1.0" encoding="UTF-8"?>
<!-- Generated by org.testng.reporters.JUnitReportReporter -->
<testsuite hostname="LAPTOP-477EEVIP" failures="0" tests="3" name="web.DatadrivenTest" time="22.696" errors="0" timestamp="2026-03-20T22:24:15 IST" skipped="0">
  <testcase classname="web.DatadrivenTest" name="doLogin" time="5.656"/>
  <testcase classname="web.DatadrivenTest" name="doLogin" time="9.628"/>
  <testcase classname="web.DatadrivenTest" name="doLogin" time="7.412"/>
</testsuite> <!-- web.DatadrivenTest -->
