<?xml version="1.0" encoding="UTF-8"?>
<!-- Generated by org.testng.reporters.JUnitReportReporter -->
<testsuite hostname="LAPTOP-477EEVIP" failures="0" tests="3" name="web.DatadrivenTest" time="56.664" errors="0" timestamp="2026-04-07T15:03:57 IST" skipped="0">
  <testcase classname="web.DatadrivenTest" name="doLogin" time="19.430"/>
  <testcase classname="web.DatadrivenTest" name="doLogin" time="19.844"/>
  <testcase classname="web.DatadrivenTest" name="doLogin" time="17.390"/>
</testsuite> <!-- web.DatadrivenTest -->
