<?xml version="1.0" encoding="UTF-8"?>
<!-- Generated by org.testng.reporters.JUnitReportReporter -->
<testsuite hostname="LAPTOP-477EEVIP" failures="1" tests="1" name="restassured.Schemavalidation" time="2.931" errors="0" timestamp="2026-03-24T09:37:33 IST" skipped="0">
  <testcase classname="restassured.Schemavalidation" name="verifyScehema" time="2.931">
    <failure message="1 expectation failed.
Response body doesn&#039;t match expectation.
Expected: The content to match the given JSON schema.
error: instance type (string) does not match any allowed primitive type (allowed: [&quot;integer&quot;,&quot;number&quot;])
    level: &quot;error&quot;
    schema: {&quot;loadingURI&quot;:&quot;file:/C:/Users/OM%20SATAPATHY/eclipse-workspace/web/target/test-classes/schema/getuserschema.json#&quot;,&quot;pointer&quot;:&quot;/items/properties/email&quot;}
    instance: {&quot;pointer&quot;:&quot;/0/email&quot;}
    domain: &quot;validation&quot;
    keyword: &quot;type&quot;
    found: &quot;string&quot;
    expected: [&quot;integer&quot;,&quot;number&quot;]

  Actual: [
  {
    &quot;id&quot;: 1,
    &quot;name&quot;: &quot;Leanne Graham&quot;,
    &quot;username&quot;: &quot;Bret&quot;,
    &quot;email&quot;: &quot;Sincere@april.biz&quot;,
    &quot;address&quot;: {
      &quot;street&quot;: &quot;Kulas Light&quot;,
      &quot;suite&quot;: &quot;Apt. 556&quot;,
      &quot;city&quot;: &quot;Gwenborough&quot;,
      &quot;zipcode&quot;: &quot;92998-3874&quot;,
      &quot;geo&quot;: {
        &quot;lat&quot;: &quot;-37.3159&quot;,
        &quot;lng&quot;: &quot;81.1496&quot;
      }
    },
    &quot;phone&quot;: &quot;1-770-736-8031 x56442&quot;,
    &quot;website&quot;: &quot;hildegard.org&quot;,
    &quot;company&quot;: {
      &quot;name&quot;: &quot;Romaguera-Crona&quot;,
      &quot;catchPhrase&quot;: &quot;Multi-layered client-server neural-net&quot;,
      &quot;bs&quot;: &quot;harness real-time e-markets&quot;
    }
  },
  {
    &quot;id&quot;: 2,
    &quot;name&quot;: &quot;Ervin Howell&quot;,
    &quot;username&quot;: &quot;Antonette&quot;,
    &quot;email&quot;: &quot;Shanna@melissa.tv&quot;,
    &quot;address&quot;: {
      &quot;street&quot;: &quot;Victor Plains&quot;,
      &quot;suite&quot;: &quot;Suite 879&quot;,
      &quot;city&quot;: &quot;Wisokyburgh&quot;,
      &quot;zipcode&quot;: &quot;90566-7771&quot;,
      &quot;geo&quot;: {
        &quot;lat&quot;: &quot;-43.9509&quot;,
        &quot;lng&quot;: &quot;-34.4618&quot;
      }
    },
    &quot;phone&quot;: &quot;010-692-6593 x09125&quot;,
    &quot;website&quot;: &quot;anastasia.net&quot;,
    &quot;company&quot;: {
      &quot;name&quot;: &quot;Deckow-Crist&quot;,
      &quot;catchPhrase&quot;: &quot;Proactive didactic contingency&quot;,
      &quot;bs&quot;: &quot;synergize scalable supply-chains&quot;
    }
  },
  {
    &quot;id&quot;: 3,
    &quot;name&quot;: &quot;Clementine Bauch&quot;,
    &quot;username&quot;: &quot;Samantha&quot;,
    &quot;email&quot;: &quot;Nathan@yesenia.net&quot;,
    &quot;address&quot;: {
      &quot;street&quot;: &quot;Douglas Extension&quot;,
      &quot;suite&quot;: &quot;Suite 847&quot;,
      &quot;city&quot;: &quot;McKenziehaven&quot;,
      &quot;zipcode&quot;: &quot;59590-4157&quot;,
      &quot;geo&quot;: {
        &quot;lat&quot;: &quot;-68.6102&quot;,
        &quot;lng&quot;: &quot;-47.0653&quot;
      }
    },
    &quot;phone&quot;: &quot;1-463-123-4447&quot;,
    &quot;website&quot;: &quot;ramiro.info&quot;,
    &quot;company&quot;: {
      &quot;name&quot;: &quot;Romaguera-Jacobson&quot;,
      &quot;catchPhrase&quot;: &quot;Face to face bifurcated interface&quot;,
      &quot;bs&quot;: &quot;e-enable strategic applications&quot;
    }
  },
  {
    &quot;id&quot;: 4,
    &quot;name&quot;: &quot;Patricia Lebsack&quot;,
    &quot;username&quot;: &quot;Karianne&quot;,
    &quot;email&quot;: &quot;Julianne.OConner@kory.org&quot;,
    &quot;address&quot;: {
      &quot;street&quot;: &quot;Hoeger Mall&quot;,
      &quot;suite&quot;: &quot;Apt. 692&quot;,
      &quot;city&quot;: &quot;South Elvis&quot;,
      &quot;zipcode&quot;: &quot;53919-4257&quot;,
      &quot;geo&quot;: {
        &quot;lat&quot;: &quot;29.4572&quot;,
        &quot;lng&quot;: &quot;-164.2990&quot;
      }
    },
    &quot;phone&quot;: &quot;493-170-9623 x156&quot;,
    &quot;website&quot;: &quot;kale.biz&quot;,
    &quot;company&quot;: {
      &quot;name&quot;: &quot;Robel-Corkery&quot;,
      &quot;catchPhrase&quot;: &quot;Multi-tiered zero tolerance productivity&quot;,
      &quot;bs&quot;: &quot;transition cutting-edge web services&quot;
    }
  },
  {
    &quot;id&quot;: 5,
    &quot;name&quot;: &quot;Chelsey Dietrich&quot;,
    &quot;username&quot;: &quot;Kamren&quot;,
    &quot;email&quot;: &quot;Lucio_Hettinger@annie.ca&quot;,
    &quot;address&quot;: {
      &quot;street&quot;: &quot;Skiles Walks&quot;,
      &quot;suite&quot;: &quot;Suite 351&quot;,
      &quot;city&quot;: &quot;Roscoeview&quot;,
      &quot;zipcode&quot;: &quot;33263&quot;,
      &quot;geo&quot;: {
        &quot;lat&quot;: &quot;-31.8129&quot;,
        &quot;lng&quot;: &quot;62.5342&quot;
      }
    },
    &quot;phone&quot;: &quot;(254)954-1289&quot;,
    &quot;website&quot;: &quot;demarco.info&quot;,
    &quot;company&quot;: {
      &quot;name&quot;: &quot;Keebler LLC&quot;,
      &quot;catchPhrase&quot;: &quot;User-centric fault-tolerant solution&quot;,
      &quot;bs&quot;: &quot;revolutionize end-to-end systems&quot;
    }
  },
  {
    &quot;id&quot;: 6,
    &quot;name&quot;: &quot;Mrs. Dennis Schulist&quot;,
    &quot;username&quot;: &quot;Leopoldo_Corkery&quot;,
    &quot;email&quot;: &quot;Karley_Dach@jasper.info&quot;,
    &quot;address&quot;: {
      &quot;street&quot;: &quot;Norberto Crossing&quot;,
      &quot;suite&quot;: &quot;Apt. 950&quot;,
      &quot;city&quot;: &quot;South Christy&quot;,
      &quot;zipcode&quot;: &quot;23505-1337&quot;,
      &quot;geo&quot;: {
        &quot;lat&quot;: &quot;-71.4197&quot;,
        &quot;lng&quot;: &quot;71.7478&quot;
      }
    },
    &quot;phone&quot;: &quot;1-477-935-8478 x6430&quot;,
    &quot;website&quot;: &quot;ola.org&quot;,
    &quot;company&quot;: {
      &quot;name&quot;: &quot;Considine-Lockman&quot;,
      &quot;catchPhrase&quot;: &quot;Synchronised bottom-line interface&quot;,
      &quot;bs&quot;: &quot;e-enable innovative applications&quot;
    }
  },
  {
    &quot;id&quot;: 7,
    &quot;name&quot;: &quot;Kurtis Weissnat&quot;,
    &quot;username&quot;: &quot;Elwyn.Skiles&quot;,
    &quot;email&quot;: &quot;Telly.Hoeger@billy.biz&quot;,
    &quot;address&quot;: {
      &quot;street&quot;: &quot;Rex Trail&quot;,
      &quot;suite&quot;: &quot;Suite 280&quot;,
      &quot;city&quot;: &quot;Howemouth&quot;,
      &quot;zipcode&quot;: &quot;58804-1099&quot;,
      &quot;geo&quot;: {
        &quot;lat&quot;: &quot;24.8918&quot;,
        &quot;lng&quot;: &quot;21.8984&quot;
      }
    },
    &quot;phone&quot;: &quot;210.067.6132&quot;,
    &quot;website&quot;: &quot;elvis.io&quot;,
    &quot;company&quot;: {
      &quot;name&quot;: &quot;Johns Group&quot;,
      &quot;catchPhrase&quot;: &quot;Configurable multimedia task-force&quot;,
      &quot;bs&quot;: &quot;generate enterprise e-tailers&quot;
    }
  },
  {
    &quot;id&quot;: 8,
    &quot;name&quot;: &quot;Nicholas Runolfsdottir V&quot;,
    &quot;username&quot;: &quot;Maxime_Nienow&quot;,
    &quot;email&quot;: &quot;Sherwood@rosamond.me&quot;,
    &quot;address&quot;: {
      &quot;street&quot;: &quot;Ellsworth Summit&quot;,
      &quot;suite&quot;: &quot;Suite 729&quot;,
      &quot;city&quot;: &quot;Aliyaview&quot;,
      &quot;zipcode&quot;: &quot;45169&quot;,
      &quot;geo&quot;: {
        &quot;lat&quot;: &quot;-14.3990&quot;,
        &quot;lng&quot;: &quot;-120.7677&quot;
      }
    },
    &quot;phone&quot;: &quot;586.493.6943 x140&quot;,
    &quot;website&quot;: &quot;jacynthe.com&quot;,
    &quot;company&quot;: {
      &quot;name&quot;: &quot;Abernathy Group&quot;,
      &quot;catchPhrase&quot;: &quot;Implemented secondary concept&quot;,
      &quot;bs&quot;: &quot;e-enable extensible e-tailers&quot;
    }
  },
  {
    &quot;id&quot;: 9,
    &quot;name&quot;: &quot;Glenna Reichert&quot;,
    &quot;username&quot;: &quot;Delphine&quot;,
    &quot;email&quot;: &quot;Chaim_McDermott@dana.io&quot;,
    &quot;address&quot;: {
      &quot;street&quot;: &quot;Dayna Park&quot;,
      &quot;suite&quot;: &quot;Suite 449&quot;,
      &quot;city&quot;: &quot;Bartholomebury&quot;,
      &quot;zipcode&quot;: &quot;76495-3109&quot;,
      &quot;geo&quot;: {
        &quot;lat&quot;: &quot;24.6463&quot;,
        &quot;lng&quot;: &quot;-168.8889&quot;
      }
    },
    &quot;phone&quot;: &quot;(775)976-6794 x41206&quot;,
    &quot;website&quot;: &quot;conrad.com&quot;,
    &quot;company&quot;: {
      &quot;name&quot;: &quot;Yost and Sons&quot;,
      &quot;catchPhrase&quot;: &quot;Switchable contextually-based project&quot;,
      &quot;bs&quot;: &quot;aggregate real-time technologies&quot;
    }
  },
  {
    &quot;id&quot;: 10,
    &quot;name&quot;: &quot;Clementina DuBuque&quot;,
    &quot;username&quot;: &quot;Moriah.Stanton&quot;,
    &quot;email&quot;: &quot;Rey.Padberg@karina.biz&quot;,
    &quot;address&quot;: {
      &quot;street&quot;: &quot;Kattie Turnpike&quot;,
      &quot;suite&quot;: &quot;Suite 198&quot;,
      &quot;city&quot;: &quot;Lebsackbury&quot;,
      &quot;zipcode&quot;: &quot;31428-2261&quot;,
      &quot;geo&quot;: {
        &quot;lat&quot;: &quot;-38.2386&quot;,
        &quot;lng&quot;: &quot;57.2232&quot;
      }
    },
    &quot;phone&quot;: &quot;024-648-3804&quot;,
    &quot;website&quot;: &quot;ambrose.net&quot;,
    &quot;company&quot;: {
      &quot;name&quot;: &quot;Hoeger LLC&quot;,
      &quot;catchPhrase&quot;: &quot;Centralized empowering task-force&quot;,
      &quot;bs&quot;: &quot;target end-to-end models&quot;
    }
  }
]
" type="java.lang.AssertionError">
      <![CDATA[java.lang.AssertionError: 1 expectation failed.
Response body doesn't match expectation.
Expected: The content to match the given JSON schema.
error: instance type (string) does not match any allowed primitive type (allowed: ["integer","number"])
    level: "error"
    schema: {"loadingURI":"file:/C:/Users/OM%20SATAPATHY/eclipse-workspace/web/target/test-classes/schema/getuserschema.json#","pointer":"/items/properties/email"}
    instance: {"pointer":"/0/email"}
    domain: "validation"
    keyword: "type"
    found: "string"
    expected: ["integer","number"]

  Actual: [
  {
    "id": 1,
    "name": "Leanne Graham",
    "username": "Bret",
    "email": "Sincere@april.biz",
    "address": {
      "street": "Kulas Light",
      "suite": "Apt. 556",
      "city": "Gwenborough",
      "zipcode": "92998-3874",
      "geo": {
        "lat": "-37.3159",
        "lng": "81.1496"
      }
    },
    "phone": "1-770-736-8031 x56442",
    "website": "hildegard.org",
    "company": {
      "name": "Romaguera-Crona",
      "catchPhrase": "Multi-layered client-server neural-net",
      "bs": "harness real-time e-markets"
    }
  },
  {
    "id": 2,
    "name": "Ervin Howell",
    "username": "Antonette",
    "email": "Shanna@melissa.tv",
    "address": {
      "street": "Victor Plains",
      "suite": "Suite 879",
      "city": "Wisokyburgh",
      "zipcode": "90566-7771",
      "geo": {
        "lat": "-43.9509",
        "lng": "-34.4618"
      }
    },
    "phone": "010-692-6593 x09125",
    "website": "anastasia.net",
    "company": {
      "name": "Deckow-Crist",
      "catchPhrase": "Proactive didactic contingency",
      "bs": "synergize scalable supply-chains"
    }
  },
  {
    "id": 3,
    "name": "Clementine Bauch",
    "username": "Samantha",
    "email": "Nathan@yesenia.net",
    "address": {
      "street": "Douglas Extension",
      "suite": "Suite 847",
      "city": "McKenziehaven",
      "zipcode": "59590-4157",
      "geo": {
        "lat": "-68.6102",
        "lng": "-47.0653"
      }
    },
    "phone": "1-463-123-4447",
    "website": "ramiro.info",
    "company": {
      "name": "Romaguera-Jacobson",
      "catchPhrase": "Face to face bifurcated interface",
      "bs": "e-enable strategic applications"
    }
  },
  {
    "id": 4,
    "name": "Patricia Lebsack",
    "username": "Karianne",
    "email": "Julianne.OConner@kory.org",
    "address": {
      "street": "Hoeger Mall",
      "suite": "Apt. 692",
      "city": "South Elvis",
      "zipcode": "53919-4257",
      "geo": {
        "lat": "29.4572",
        "lng": "-164.2990"
      }
    },
    "phone": "493-170-9623 x156",
    "website": "kale.biz",
    "company": {
      "name": "Robel-Corkery",
      "catchPhrase": "Multi-tiered zero tolerance productivity",
      "bs": "transition cutting-edge web services"
    }
  },
  {
    "id": 5,
    "name": "Chelsey Dietrich",
    "username": "Kamren",
    "email": "Lucio_Hettinger@annie.ca",
    "address": {
      "street": "Skiles Walks",
      "suite": "Suite 351",
      "city": "Roscoeview",
      "zipcode": "33263",
      "geo": {
        "lat": "-31.8129",
        "lng": "62.5342"
      }
    },
    "phone": "(254)954-1289",
    "website": "demarco.info",
    "company": {
      "name": "Keebler LLC",
      "catchPhrase": "User-centric fault-tolerant solution",
      "bs": "revolutionize end-to-end systems"
    }
  },
  {
    "id": 6,
    "name": "Mrs. Dennis Schulist",
    "username": "Leopoldo_Corkery",
    "email": "Karley_Dach@jasper.info",
    "address": {
      "street": "Norberto Crossing",
      "suite": "Apt. 950",
      "city": "South Christy",
      "zipcode": "23505-1337",
      "geo": {
        "lat": "-71.4197",
        "lng": "71.7478"
      }
    },
    "phone": "1-477-935-8478 x6430",
    "website": "ola.org",
    "company": {
      "name": "Considine-Lockman",
      "catchPhrase": "Synchronised bottom-line interface",
      "bs": "e-enable innovative applications"
    }
  },
  {
    "id": 7,
    "name": "Kurtis Weissnat",
    "username": "Elwyn.Skiles",
    "email": "Telly.Hoeger@billy.biz",
    "address": {
      "street": "Rex Trail",
      "suite": "Suite 280",
      "city": "Howemouth",
      "zipcode": "58804-1099",
      "geo": {
        "lat": "24.8918",
        "lng": "21.8984"
      }
    },
    "phone": "210.067.6132",
    "website": "elvis.io",
    "company": {
      "name": "Johns Group",
      "catchPhrase": "Configurable multimedia task-force",
      "bs": "generate enterprise e-tailers"
    }
  },
  {
    "id": 8,
    "name": "Nicholas Runolfsdottir V",
    "username": "Maxime_Nienow",
    "email": "Sherwood@rosamond.me",
    "address": {
      "street": "Ellsworth Summit",
      "suite": "Suite 729",
      "city": "Aliyaview",
      "zipcode": "45169",
      "geo": {
        "lat": "-14.3990",
        "lng": "-120.7677"
      }
    },
    "phone": "586.493.6943 x140",
    "website": "jacynthe.com",
    "company": {
      "name": "Abernathy Group",
      "catchPhrase": "Implemented secondary concept",
      "bs": "e-enable extensible e-tailers"
    }
  },
  {
    "id": 9,
    "name": "Glenna Reichert",
    "username": "Delphine",
    "email": "Chaim_McDermott@dana.io",
    "address": {
      "street": "Dayna Park",
      "suite": "Suite 449",
      "city": "Bartholomebury",
      "zipcode": "76495-3109",
      "geo": {
        "lat": "24.6463",
        "lng": "-168.8889"
      }
    },
    "phone": "(775)976-6794 x41206",
    "website": "conrad.com",
    "company": {
      "name": "Yost and Sons",
      "catchPhrase": "Switchable contextually-based project",
      "bs": "aggregate real-time technologies"
    }
  },
  {
    "id": 10,
    "name": "Clementina DuBuque",
    "username": "Moriah.Stanton",
    "email": "Rey.Padberg@karina.biz",
    "address": {
      "street": "Kattie Turnpike",
      "suite": "Suite 198",
      "city": "Lebsackbury",
      "zipcode": "31428-2261",
      "geo": {
        "lat": "-38.2386",
        "lng": "57.2232"
      }
    },
    "phone": "024-648-3804",
    "website": "ambrose.net",
    "company": {
      "name": "Hoeger LLC",
      "catchPhrase": "Centralized empowering task-force",
      "bs": "target end-to-end models"
    }
  }
]

at java.base/jdk.internal.reflect.DirectConstructorHandleAccessor.newInstance(DirectConstructorHandleAccessor.java:62)
at java.base/java.lang.reflect.Constructor.newInstanceWithCaller(Constructor.java:501)
at java.base/java.lang.reflect.Constructor.newInstance(Constructor.java:485)
at org.codehaus.groovy.reflection.CachedConstructor.invoke(CachedConstructor.java:73)
at org.codehaus.groovy.runtime.callsite.ConstructorSite$ConstructorSiteNoUnwrapNoCoerce.callConstructor(ConstructorSite.java:108)
at org.codehaus.groovy.runtime.callsite.CallSiteArray.defaultCallConstructor(CallSiteArray.java:57)
at org.codehaus.groovy.runtime.callsite.AbstractCallSite.callConstructor(AbstractCallSite.java:263)
at org.codehaus.groovy.runtime.callsite.AbstractCallSite.callConstructor(AbstractCallSite.java:277)
at io.restassured.internal.ResponseSpecificationImpl$HamcrestAssertionClosure.validate(ResponseSpecificationImpl.groovy:512)
at io.restassured.internal.ResponseSpecificationImpl$HamcrestAssertionClosure$validate$1.call(Unknown Source)
at io.restassured.internal.ResponseSpecificationImpl.validateResponseIfRequired(ResponseSpecificationImpl.groovy:696)
at io.restassured.internal.ResponseSpecificationImpl.this$2$validateResponseIfRequired(ResponseSpecificationImpl.groovy)
at java.base/jdk.internal.reflect.DirectMethodHandleAccessor.invoke(DirectMethodHandleAccessor.java:103)
at java.base/java.lang.reflect.Method.invoke(Method.java:580)
at org.codehaus.groovy.runtime.callsite.PlainObjectMetaMethodSite.doInvoke(PlainObjectMetaMethodSite.java:43)
at org.codehaus.groovy.runtime.callsite.PogoMetaMethodSite$PogoCachedMethodSiteNoUnwrapNoCoerce.invoke(PogoMetaMethodSite.java:198)
at org.codehaus.groovy.runtime.callsite.PogoMetaMethodSite.callCurrent(PogoMetaMethodSite.java:62)
at org.codehaus.groovy.runtime.callsite.CallSiteArray.defaultCallCurrent(CallSiteArray.java:49)
at org.codehaus.groovy.runtime.callsite.AbstractCallSite.callCurrent(AbstractCallSite.java:171)
at org.codehaus.groovy.runtime.callsite.AbstractCallSite.callCurrent(AbstractCallSite.java:185)
at io.restassured.internal.ResponseSpecificationImpl.body(ResponseSpecificationImpl.groovy:107)
at io.restassured.internal.ValidatableResponseOptionsImpl.body(ValidatableResponseOptionsImpl.java:238)
at restassured.Schemavalidation.verifyScehema(Schemavalidation.java:20)
at java.base/jdk.internal.reflect.DirectMethodHandleAccessor.invoke(DirectMethodHandleAccessor.java:103)
at java.base/java.lang.reflect.Method.invoke(Method.java:580)
at org.testng.internal.invokers.MethodInvocationHelper.invokeMethod(MethodInvocationHelper.java:141)
at org.testng.internal.invokers.TestInvoker.invokeMethod(TestInvoker.java:686)
at org.testng.internal.invokers.TestInvoker.invokeTestMethod(TestInvoker.java:230)
at org.testng.internal.invokers.MethodRunner.runInSequence(MethodRunner.java:63)
at org.testng.internal.invokers.TestInvoker$MethodInvocationAgent.invoke(TestInvoker.java:992)
at org.testng.internal.invokers.TestInvoker.invokeTestMethods(TestInvoker.java:203)
at org.testng.internal.invokers.TestMethodWorker.invokeTestMethods(TestMethodWorker.java:154)
at org.testng.internal.invokers.TestMethodWorker.run(TestMethodWorker.java:134)
at java.base/java.util.ArrayList.forEach(ArrayList.java:1597)
at org.testng.TestRunner.privateRun(TestRunner.java:739)
at org.testng.TestRunner.run(TestRunner.java:614)
at org.testng.SuiteRunner.runTest(SuiteRunner.java:421)
at org.testng.SuiteRunner.runSequentially(SuiteRunner.java:413)
at org.testng.SuiteRunner.privateRun(SuiteRunner.java:373)
at org.testng.SuiteRunner.run(SuiteRunner.java:312)
at org.testng.SuiteRunnerWorker.runSuite(SuiteRunnerWorker.java:52)
at org.testng.SuiteRunnerWorker.run(SuiteRunnerWorker.java:95)
at org.testng.TestNG.runSuitesSequentially(TestNG.java:1274)
at org.testng.TestNG.runSuitesLocally(TestNG.java:1208)
at org.testng.TestNG.runSuites(TestNG.java:1112)
at org.testng.TestNG.run(TestNG.java:1079)
at org.testng.remote.AbstractRemoteTestNG.run(AbstractRemoteTestNG.java:115)
at org.testng.remote.RemoteTestNG.initAndRun(RemoteTestNG.java:293)
at org.testng.remote.RemoteTestNG.main(RemoteTestNG.java:91)
]]>
    </failure>
  </testcase> <!-- verifyScehema -->
</testsuite> <!-- restassured.Schemavalidation -->
